[INFO  - 2016-06-24T13:17:34.913Z] GhostDriver - Main - running on port 51476
[INFO  - 2016-06-24T13:17:35.427Z] Session [041b4cf0-3a0e-11e6-9ec8-0d04192f59a1] - page.settings - {"XSSAuditingEnabled":false,"javascriptCanCloseWindows":true,"javascriptCanOpenWindows":true,"javascriptEnabled":true,"loadImages":true,"localToRemoteUrlAccessEnabled":false,"userAgent":"Mozilla/5.0 (Macintosh; Intel Mac OS X) AppleWebKit/538.1 (KHTML, like Gecko) PhantomJS/2.1.1 Safari/538.1","webSecurityEnabled":true}
[INFO  - 2016-06-24T13:17:35.427Z] Session [041b4cf0-3a0e-11e6-9ec8-0d04192f59a1] - page.customHeaders:  - {}
[INFO  - 2016-06-24T13:17:35.427Z] Session [041b4cf0-3a0e-11e6-9ec8-0d04192f59a1] - Session.negotiatedCapabilities - {"browserName":"phantomjs","version":"2.1.1","driverName":"ghostdriver","driverVersion":"1.2.0","platform":"mac-10.10 (Yosemite)-64bit","javascriptEnabled":true,"takesScreenshot":true,"handlesAlerts":false,"databaseEnabled":false,"locationContextEnabled":false,"applicationCacheEnabled":false,"browserConnectionEnabled":false,"cssSelectorsEnabled":true,"webStorageEnabled":false,"rotatable":false,"acceptSslCerts":false,"nativeEvents":true,"proxy":{"proxyType":"direct"}}
[INFO  - 2016-06-24T13:17:35.427Z] SessionManagerReqHand - _postNewSessionCommand - New Session Created: 041b4cf0-3a0e-11e6-9ec8-0d04192f59a1
[ERROR - 2016-06-24T13:17:36.026Z] Session [041b4cf0-3a0e-11e6-9ec8-0d04192f59a1] - page.onError - msg: TypeError: undefined is not an object (evaluating 'form.Submit.disabled=true')

  phantomjs://platform/console++.js:263 in error
[ERROR - 2016-06-24T13:17:36.026Z] Session [041b4cf0-3a0e-11e6-9ec8-0d04192f59a1] - page.onError - stack:
  submitAction (https://campus.concordia.ca/psp/pscsprd/EMPLOYEE/HRMS/c/SA_LEARNER_SERVICES.SSR_SSENRL_GRADE.GBL?null&cmd=login&errorCode=127&languageCd=ENG:118)
  onclick (https://campus.concordia.ca/psp/pscsprd/EMPLOYEE/HRMS/c/SA_LEARNER_SERVICES.SSR_SSENRL_GRADE.GBL?null&cmd=login&errorCode=127&languageCd=ENG:171)
  dispatchEvent (:0)
  U (:119)
  $ (:108)
  $ (:101)
  gh (:141)
  sh (:152)
  (anonymous function) (:152)
  (anonymous function) (:152)
  (anonymous function) (:153)

  phantomjs://platform/console++.js:263 in error
[ERROR - 2016-06-24T13:17:44.085Z] Session [041b4cf0-3a0e-11e6-9ec8-0d04192f59a1] - page.onError - msg: ReferenceError: Can't find variable: onClickRadio

  phantomjs://platform/console++.js:263 in error
[ERROR - 2016-06-24T13:17:44.085Z] Session [041b4cf0-3a0e-11e6-9ec8-0d04192f59a1] - page.onError - stack:
  onclick (https://campus.concordia.ca/psc/pscsprd/EMPLOYEE/HRMS/c/SA_LEARNER_SERVICES.SSR_SSENRL_GRADE.GBL?null&PortalActualURL=https%3A%2F%2Fcampus.concordia.ca%2Fpsc%2Fpscsprd%2FEMPLOYEE%2FHRMS%2Fc%2FSA_LEARNER_SERVICES.SSR_SSENRL_GRADE.GBL%3Fnull&PortalContentURL=https%3A%2F%2Fcampus.concordia.ca%2Fpsc%2Fpscsprd%2FEMPLOYEE%2FHRMS%2Fc%2FSA_LEARNER_SERVICES.SSR_SSENRL_GRADE.GBL&PortalContentProvider=HRMS&PortalCRefLabel=View%20My%20Grades&PortalRegistryName=EMPLOYEE&PortalServletURI=https%3A%2F%2Fcampus.concordia.ca%2Fpsp%2Fpscsprd%2F&PortalURI=https%3A%2F%2Fcampus.concordia.ca%2Fpsc%2Fpscsprd%2F&PortalHostNode=HRMS&NoCrumbs=yes&PortalKeyStruct=yes:514)
  dispatchEvent (:0)
  U (:119)
  $ (:108)
  $ (:101)
  gh (:141)
  sh (:152)
  (anonymous function) (:152)
  (anonymous function) (:152)
  (anonymous function) (:153)

  phantomjs://platform/console++.js:263 in error
[ERROR - 2016-06-24T13:17:44.387Z] WebElementLocator - _handleLocateCommand - Element(s) NOT Found: GAVE UP. Search Stop Time: 1466774264352

  phantomjs://platform/console++.js:263 in error
[ERROR - 2016-06-24T13:17:45.557Z] WebElementLocator - _handleLocateCommand - Element(s) NOT Found: GAVE UP. Search Stop Time: 1466774265521

  phantomjs://platform/console++.js:263 in error
